16:31:27 INFO  : Launching XSCT server: xsct.bat -n  -interactive C:\Users\dell\Desktop\kcu105_ipi_total\Workshop\temp_xsdb_launch_script.tcl
16:31:29 INFO  : XSCT server has started successfully.
16:31:29 INFO  : Successfully done setting XSCT server connection channel  
16:31:29 INFO  : plnx-install-location is set to ''
16:31:30 INFO  : Successfully done setting workspace for the tool. 
16:31:30 INFO  : Successfully done query RDI_DATADIR 
16:31:30 INFO  : Registering command handlers for Vitis TCF services
16:34:36 INFO  : Checking for BSP changes to sync application flags for project 'tpu_sever'...
16:36:23 INFO  : Checking for BSP changes to sync application flags for project 'tpu_sever'...
16:37:09 INFO  : Checking for BSP changes to sync application flags for project 'tpu_sever'...
16:42:01 INFO  : Checking for BSP changes to sync application flags for project 'tpu_sever'...
16:42:37 INFO  : Checking for BSP changes to sync application flags for project 'tpu_sever'...
16:43:17 INFO  : Checking for BSP changes to sync application flags for project 'tpu_sever'...
16:44:41 INFO  : Connected to target on host '127.0.0.1' and port '3121'.
16:44:41 INFO  : Jtag cable 'Digilent JTAG-SMT2NC 210308A5F54F' is selected.
16:44:41 INFO  : 'jtag frequency' command is executed.
16:44:41 INFO  : 'targets -set -filter {jtag_cable_name =~ "Digilent JTAG-SMT2NC 210308A5F54F" && level==0} -index 0' command is executed.
16:44:48 INFO  : FPGA configured successfully with bitstream "C:/Users/dell/Desktop/kcu105_ipi_total/Workshop/tpu_sever/_ide/bitstream/tpu_top.bit"
16:44:48 INFO  : 'configparams mdm-detect-bscan-mask 2' command is executed.
16:44:48 INFO  : Context for processor 'microblaze_0' is selected.
16:44:48 INFO  : System reset is completed.
16:44:51 INFO  : 'after 3000' command is executed.
16:44:51 INFO  : Context for processor 'microblaze_0' is selected.
16:44:52 INFO  : The application 'C:/Users/dell/Desktop/kcu105_ipi_total/Workshop/tpu_sever/Debug/tpu_sever.elf' is downloaded to processor 'microblaze_0'.
16:44:52 INFO  : ----------------XSDB Script----------------
connect -url tcp:127.0.0.1:3121
targets -set -filter {jtag_cable_name =~ "Digilent JTAG-SMT2NC 210308A5F54F" && level==0} -index 0
fpga -file C:/Users/dell/Desktop/kcu105_ipi_total/Workshop/tpu_sever/_ide/bitstream/tpu_top.bit
configparams mdm-detect-bscan-mask 2
targets -set -nocase -filter {name =~ "*microblaze*#0" && bscan=="USER2" }
rst -system
after 3000
targets -set -nocase -filter {name =~ "*microblaze*#0" && bscan=="USER2" }
dow C:/Users/dell/Desktop/kcu105_ipi_total/Workshop/tpu_sever/Debug/tpu_sever.elf
----------------End of Script----------------

16:44:52 INFO  : Context for processor 'microblaze_0' is selected.
16:44:52 INFO  : 'con' command is executed.
16:44:52 INFO  : ----------------XSDB Script (After Launch)----------------
targets -set -nocase -filter {name =~ "*microblaze*#0" && bscan=="USER2" }
con
----------------End of Script----------------

16:44:52 INFO  : Disconnected from the channel tcfchan#3.
16:51:35 INFO  : Launching XSCT server: xsct.bat -n  -interactive C:\Users\dell\Desktop\kcu105_ipi_total\Workshop\temp_xsdb_launch_script.tcl
16:51:37 INFO  : XSCT server has started successfully.
16:51:37 INFO  : Successfully done setting XSCT server connection channel  
16:51:37 INFO  : plnx-install-location is set to ''
16:51:37 INFO  : Successfully done setting workspace for the tool. 
16:51:38 INFO  : Successfully done query RDI_DATADIR 
16:51:38 INFO  : Registering command handlers for Vitis TCF services
13:42:51 INFO  : Launching XSCT server: xsct.bat -n  -interactive C:\Users\dell\Desktop\board_test\kcu105_ipi_total\Workshop\temp_xsdb_launch_script.tcl
13:42:53 INFO  : XSCT server has started successfully.
13:42:53 INFO  : Successfully done setting XSCT server connection channel  
13:42:53 INFO  : plnx-install-location is set to ''
13:42:53 INFO  : Successfully done setting workspace for the tool. 
13:42:54 INFO  : Successfully done query RDI_DATADIR 
13:42:55 INFO  : Registering command handlers for Vitis TCF services
13:43:45 INFO  : Checking for BSP changes to sync application flags for project 'tpu_sever'...
13:50:55 INFO  : Checking for BSP changes to sync application flags for project 'tpu_sever'...
13:52:19 INFO  : Bit file 'C:/Users/dell/Desktop/board_test/kcu105_ipi_total/Workshop/tpu_sever/_ide/bitstream/download.bit' is generated.
13:52:19 INFO  : Connected to target on host '127.0.0.1' and port '3121'.
13:52:22 INFO  : 'targets -set -filter {jtag_cable_name =~ "Digilent JTAG-SMT2NC 210308A5F54F" && level==0} -index 0' command is executed.
13:52:29 INFO  : FPGA configured successfully with bitstream "C:/Users/dell/Desktop/board_test/kcu105_ipi_total/Workshop/tpu_sever/_ide/bitstream/download.bit"
13:53:19 INFO  : Connected to target on host '127.0.0.1' and port '3121'.
13:53:31 INFO  : Jtag cable 'Digilent JTAG-SMT2NC 210308A5F54F' is selected.
13:53:31 INFO  : 'jtag frequency' command is executed.
13:53:34 INFO  : 'targets -set -filter {jtag_cable_name =~ "Digilent JTAG-SMT2NC 210308A5F54F" && level==0} -index 0' command is executed.
13:53:41 INFO  : FPGA configured successfully with bitstream "C:/Users/dell/Desktop/board_test/kcu105_ipi_total/Workshop/tpu_sever/_ide/bitstream/tpu_top.bit"
13:53:41 INFO  : 'configparams mdm-detect-bscan-mask 2' command is executed.
13:53:41 INFO  : Context for processor 'microblaze_0' is selected.
13:53:41 INFO  : System reset is completed.
13:53:44 INFO  : 'after 3000' command is executed.
13:53:44 INFO  : Context for processor 'microblaze_0' is selected.
13:53:45 INFO  : The application 'C:/Users/dell/Desktop/board_test/kcu105_ipi_total/Workshop/tpu_sever/Debug/tpu_sever.elf' is downloaded to processor 'microblaze_0'.
13:53:45 INFO  : ----------------XSDB Script----------------
connect -url tcp:127.0.0.1:3121
targets -set -filter {jtag_cable_name =~ "Digilent JTAG-SMT2NC 210308A5F54F" && level==0} -index 0
fpga -file C:/Users/dell/Desktop/board_test/kcu105_ipi_total/Workshop/tpu_sever/_ide/bitstream/tpu_top.bit
configparams mdm-detect-bscan-mask 2
targets -set -nocase -filter {name =~ "*microblaze*#0" && bscan=="USER2" }
rst -system
after 3000
targets -set -nocase -filter {name =~ "*microblaze*#0" && bscan=="USER2" }
dow C:/Users/dell/Desktop/board_test/kcu105_ipi_total/Workshop/tpu_sever/Debug/tpu_sever.elf
----------------End of Script----------------

13:54:43 INFO  : Disconnected from the channel tcfchan#2.
13:54:44 INFO  : Connected to target on host '127.0.0.1' and port '3121'.
13:54:56 INFO  : Jtag cable 'Digilent JTAG-SMT2NC 210308A5F54F' is selected.
13:54:56 INFO  : 'jtag frequency' command is executed.
13:54:59 INFO  : 'targets -set -filter {jtag_cable_name =~ "Digilent JTAG-SMT2NC 210308A5F54F" && level==0} -index 0' command is executed.
13:55:06 INFO  : FPGA configured successfully with bitstream "C:/Users/dell/Desktop/board_test/kcu105_ipi_total/Workshop/tpu_sever/_ide/bitstream/tpu_top.bit"
13:55:06 INFO  : 'configparams mdm-detect-bscan-mask 2' command is executed.
13:55:06 INFO  : Context for processor 'microblaze_0' is selected.
13:55:06 INFO  : System reset is completed.
13:55:09 INFO  : 'after 3000' command is executed.
13:55:09 INFO  : Context for processor 'microblaze_0' is selected.
13:55:10 INFO  : The application 'C:/Users/dell/Desktop/board_test/kcu105_ipi_total/Workshop/tpu_sever/Debug/tpu_sever.elf' is downloaded to processor 'microblaze_0'.
13:55:10 INFO  : ----------------XSDB Script----------------
connect -url tcp:127.0.0.1:3121
targets -set -filter {jtag_cable_name =~ "Digilent JTAG-SMT2NC 210308A5F54F" && level==0} -index 0
fpga -file C:/Users/dell/Desktop/board_test/kcu105_ipi_total/Workshop/tpu_sever/_ide/bitstream/tpu_top.bit
configparams mdm-detect-bscan-mask 2
targets -set -nocase -filter {name =~ "*microblaze*#0" && bscan=="USER2" }
rst -system
after 3000
targets -set -nocase -filter {name =~ "*microblaze*#0" && bscan=="USER2" }
dow C:/Users/dell/Desktop/board_test/kcu105_ipi_total/Workshop/tpu_sever/Debug/tpu_sever.elf
----------------End of Script----------------

13:55:10 INFO  : Context for processor 'microblaze_0' is selected.
13:55:10 INFO  : 'con' command is executed.
13:55:10 INFO  : ----------------XSDB Script (After Launch)----------------
targets -set -nocase -filter {name =~ "*microblaze*#0" && bscan=="USER2" }
con
----------------End of Script----------------

13:55:10 INFO  : Disconnected from the channel tcfchan#3.
13:55:17 INFO  : Connected to target on host '127.0.0.1' and port '3121'.
13:55:30 INFO  : Jtag cable 'Digilent JTAG-SMT2NC 210308A5F54F' is selected.
13:55:30 INFO  : 'jtag frequency' command is executed.
13:55:33 INFO  : 'targets -set -filter {jtag_cable_name =~ "Digilent JTAG-SMT2NC 210308A5F54F" && level==0} -index 0' command is executed.
13:55:39 INFO  : FPGA configured successfully with bitstream "C:/Users/dell/Desktop/board_test/kcu105_ipi_total/Workshop/tpu_sever/_ide/bitstream/tpu_top.bit"
13:55:39 INFO  : 'configparams mdm-detect-bscan-mask 2' command is executed.
13:55:40 INFO  : Context for processor 'microblaze_0' is selected.
13:55:40 INFO  : System reset is completed.
13:55:43 INFO  : 'after 3000' command is executed.
13:55:43 INFO  : Context for processor 'microblaze_0' is selected.
13:55:43 INFO  : The application 'C:/Users/dell/Desktop/board_test/kcu105_ipi_total/Workshop/tpu_sever/Debug/tpu_sever.elf' is downloaded to processor 'microblaze_0'.
13:55:43 INFO  : ----------------XSDB Script----------------
connect -url tcp:127.0.0.1:3121
targets -set -filter {jtag_cable_name =~ "Digilent JTAG-SMT2NC 210308A5F54F" && level==0} -index 0
fpga -file C:/Users/dell/Desktop/board_test/kcu105_ipi_total/Workshop/tpu_sever/_ide/bitstream/tpu_top.bit
configparams mdm-detect-bscan-mask 2
targets -set -nocase -filter {name =~ "*microblaze*#0" && bscan=="USER2" }
rst -system
after 3000
targets -set -nocase -filter {name =~ "*microblaze*#0" && bscan=="USER2" }
dow C:/Users/dell/Desktop/board_test/kcu105_ipi_total/Workshop/tpu_sever/Debug/tpu_sever.elf
----------------End of Script----------------

13:55:43 INFO  : Context for processor 'microblaze_0' is selected.
13:55:43 INFO  : 'con' command is executed.
13:55:43 INFO  : ----------------XSDB Script (After Launch)----------------
targets -set -nocase -filter {name =~ "*microblaze*#0" && bscan=="USER2" }
con
----------------End of Script----------------

13:55:43 INFO  : Disconnected from the channel tcfchan#4.
14:00:51 INFO  : Connected to target on host '127.0.0.1' and port '3121'.
14:01:04 INFO  : Jtag cable 'Digilent JTAG-SMT2NC 210308A5F54F' is selected.
14:01:04 INFO  : 'jtag frequency' command is executed.
14:01:07 INFO  : 'targets -set -filter {jtag_cable_name =~ "Digilent JTAG-SMT2NC 210308A5F54F" && level==0} -index 0' command is executed.
14:01:13 INFO  : FPGA configured successfully with bitstream "C:/Users/dell/Desktop/board_test/kcu105_ipi_total/Workshop/tpu_sever/_ide/bitstream/tpu_top.bit"
14:01:14 INFO  : 'configparams mdm-detect-bscan-mask 2' command is executed.
14:01:14 INFO  : Context for processor 'microblaze_0' is selected.
14:01:14 INFO  : System reset is completed.
14:01:17 INFO  : 'after 3000' command is executed.
14:01:17 INFO  : Context for processor 'microblaze_0' is selected.
14:01:17 INFO  : The application 'C:/Users/dell/Desktop/board_test/kcu105_ipi_total/Workshop/tpu_sever/Debug/tpu_sever.elf' is downloaded to processor 'microblaze_0'.
14:01:17 INFO  : ----------------XSDB Script----------------
connect -url tcp:127.0.0.1:3121
targets -set -filter {jtag_cable_name =~ "Digilent JTAG-SMT2NC 210308A5F54F" && level==0} -index 0
fpga -file C:/Users/dell/Desktop/board_test/kcu105_ipi_total/Workshop/tpu_sever/_ide/bitstream/tpu_top.bit
configparams mdm-detect-bscan-mask 2
targets -set -nocase -filter {name =~ "*microblaze*#0" && bscan=="USER2" }
rst -system
after 3000
targets -set -nocase -filter {name =~ "*microblaze*#0" && bscan=="USER2" }
dow C:/Users/dell/Desktop/board_test/kcu105_ipi_total/Workshop/tpu_sever/Debug/tpu_sever.elf
----------------End of Script----------------

14:01:17 INFO  : Context for processor 'microblaze_0' is selected.
14:01:17 INFO  : 'con' command is executed.
14:01:17 INFO  : ----------------XSDB Script (After Launch)----------------
targets -set -nocase -filter {name =~ "*microblaze*#0" && bscan=="USER2" }
con
----------------End of Script----------------

14:01:17 INFO  : Disconnected from the channel tcfchan#5.
14:01:51 INFO  : Connected to target on host '127.0.0.1' and port '3121'.
14:02:03 INFO  : Jtag cable 'Digilent JTAG-SMT2NC 210308A5F54F' is selected.
14:02:03 INFO  : 'jtag frequency' command is executed.
14:02:06 INFO  : 'targets -set -filter {jtag_cable_name =~ "Digilent JTAG-SMT2NC 210308A5F54F" && level==0} -index 0' command is executed.
14:02:13 INFO  : FPGA configured successfully with bitstream "C:/Users/dell/Desktop/board_test/kcu105_ipi_total/Workshop/tpu_sever/_ide/bitstream/tpu_top.bit"
14:02:13 INFO  : 'configparams mdm-detect-bscan-mask 2' command is executed.
14:02:13 INFO  : Context for processor 'microblaze_0' is selected.
14:02:13 INFO  : System reset is completed.
14:02:16 INFO  : 'after 3000' command is executed.
14:02:16 INFO  : Context for processor 'microblaze_0' is selected.
14:02:17 INFO  : The application 'C:/Users/dell/Desktop/board_test/kcu105_ipi_total/Workshop/tpu_sever/Debug/tpu_sever.elf' is downloaded to processor 'microblaze_0'.
14:02:17 INFO  : ----------------XSDB Script----------------
connect -url tcp:127.0.0.1:3121
targets -set -filter {jtag_cable_name =~ "Digilent JTAG-SMT2NC 210308A5F54F" && level==0} -index 0
fpga -file C:/Users/dell/Desktop/board_test/kcu105_ipi_total/Workshop/tpu_sever/_ide/bitstream/tpu_top.bit
configparams mdm-detect-bscan-mask 2
targets -set -nocase -filter {name =~ "*microblaze*#0" && bscan=="USER2" }
rst -system
after 3000
targets -set -nocase -filter {name =~ "*microblaze*#0" && bscan=="USER2" }
dow C:/Users/dell/Desktop/board_test/kcu105_ipi_total/Workshop/tpu_sever/Debug/tpu_sever.elf
----------------End of Script----------------

14:02:17 INFO  : Context for processor 'microblaze_0' is selected.
14:02:17 INFO  : 'con' command is executed.
14:02:17 INFO  : ----------------XSDB Script (After Launch)----------------
targets -set -nocase -filter {name =~ "*microblaze*#0" && bscan=="USER2" }
con
----------------End of Script----------------

14:02:17 INFO  : Disconnected from the channel tcfchan#6.
14:33:57 INFO  : Connected to target on host '127.0.0.1' and port '3121'.
14:33:57 INFO  : Jtag cable 'Platform Cable USB 00000000000000' is selected.
14:33:57 INFO  : 'jtag frequency' command is executed.
14:33:57 INFO  : 'targets -set -filter {jtag_cable_name =~ "Platform Cable USB 00000000000000" && level==0} -index 0' command is executed.
14:34:23 INFO  : FPGA configured successfully with bitstream "C:/Users/dell/Desktop/board_test/kcu105_ipi_total/Workshop/tpu_sever/_ide/bitstream/tpu_top.bit"
14:34:23 INFO  : 'configparams mdm-detect-bscan-mask 2' command is executed.
14:34:23 ERROR : more than one targets found with "name =~ "*microblaze*#0" && bscan=="USER2" ":
        3  MicroBlaze #0 (Running)
        7  MicroBlaze #0 (Running)
14:34:23 INFO  : ----------------XSDB Script----------------
connect -url tcp:127.0.0.1:3121
targets -set -filter {jtag_cable_name =~ "Platform Cable USB 00000000000000" && level==0} -index 0
fpga -file C:/Users/dell/Desktop/board_test/kcu105_ipi_total/Workshop/tpu_sever/_ide/bitstream/tpu_top.bit
configparams mdm-detect-bscan-mask 2
targets -set -nocase -filter {name =~ "*microblaze*#0" && bscan=="USER2" }
----------------End of Script----------------

14:34:23 ERROR : more than one targets found with "name =~ "*microblaze*#0" && bscan=="USER2" ":
        3  MicroBlaze #0 (Running)
        7  MicroBlaze #0 (Running)
14:36:54 INFO  : Connected to target on host '127.0.0.1' and port '3121'.
14:36:55 INFO  : Jtag cable 'Platform Cable USB 00000000000000' is selected.
14:36:55 INFO  : 'jtag frequency' command is executed.
14:36:55 INFO  : 'targets -set -filter {jtag_cable_name =~ "Platform Cable USB 00000000000000" && level==0} -index 0' command is executed.
14:37:20 INFO  : FPGA configured successfully with bitstream "C:/Users/dell/Desktop/board_test/kcu105_ipi_total/Workshop/tpu_sever/_ide/bitstream/tpu_top.bit"
14:37:20 INFO  : 'configparams mdm-detect-bscan-mask 2' command is executed.
14:37:20 ERROR : more than one targets found with "name =~ "*microblaze*#0" && bscan=="USER2" ":
        3  MicroBlaze #0 (Running)
        7  MicroBlaze #0 (Running)
14:37:20 INFO  : ----------------XSDB Script----------------
connect -url tcp:127.0.0.1:3121
targets -set -filter {jtag_cable_name =~ "Platform Cable USB 00000000000000" && level==0} -index 0
fpga -file C:/Users/dell/Desktop/board_test/kcu105_ipi_total/Workshop/tpu_sever/_ide/bitstream/tpu_top.bit
configparams mdm-detect-bscan-mask 2
targets -set -nocase -filter {name =~ "*microblaze*#0" && bscan=="USER2" }
----------------End of Script----------------

14:37:20 ERROR : more than one targets found with "name =~ "*microblaze*#0" && bscan=="USER2" ":
        3  MicroBlaze #0 (Running)
        7  MicroBlaze #0 (Running)
14:37:43 INFO  : Connected to target on host '127.0.0.1' and port '3121'.
14:37:55 INFO  : Jtag cable 'Digilent JTAG-SMT2NC 210308A5F54F' is selected.
14:37:55 INFO  : 'jtag frequency' command is executed.
14:37:58 INFO  : 'targets -set -filter {jtag_cable_name =~ "Digilent JTAG-SMT2NC 210308A5F54F" && level==0} -index 0' command is executed.
14:38:05 INFO  : FPGA configured successfully with bitstream "C:/Users/dell/Desktop/board_test/kcu105_ipi_total/Workshop/tpu_sever/_ide/bitstream/tpu_top.bit"
14:38:05 INFO  : 'configparams mdm-detect-bscan-mask 2' command is executed.
14:38:05 INFO  : Context for processor 'microblaze_0' is selected.
14:38:05 INFO  : System reset is completed.
14:38:08 INFO  : 'after 3000' command is executed.
14:38:08 INFO  : Context for processor 'microblaze_0' is selected.
14:38:08 INFO  : The application 'C:/Users/dell/Desktop/board_test/kcu105_ipi_total/Workshop/tpu_sever/Debug/tpu_sever.elf' is downloaded to processor 'microblaze_0'.
14:38:08 INFO  : ----------------XSDB Script----------------
connect -url tcp:127.0.0.1:3121
targets -set -filter {jtag_cable_name =~ "Digilent JTAG-SMT2NC 210308A5F54F" && level==0} -index 0
fpga -file C:/Users/dell/Desktop/board_test/kcu105_ipi_total/Workshop/tpu_sever/_ide/bitstream/tpu_top.bit
configparams mdm-detect-bscan-mask 2
targets -set -nocase -filter {name =~ "*microblaze*#0" && bscan=="USER2" }
rst -system
after 3000
targets -set -nocase -filter {name =~ "*microblaze*#0" && bscan=="USER2" }
dow C:/Users/dell/Desktop/board_test/kcu105_ipi_total/Workshop/tpu_sever/Debug/tpu_sever.elf
----------------End of Script----------------

14:38:09 INFO  : Context for processor 'microblaze_0' is selected.
14:38:09 INFO  : 'con' command is executed.
14:38:09 INFO  : ----------------XSDB Script (After Launch)----------------
targets -set -nocase -filter {name =~ "*microblaze*#0" && bscan=="USER2" }
con
----------------End of Script----------------

14:38:09 INFO  : Disconnected from the channel tcfchan#7.
14:38:29 INFO  : Connected to target on host '127.0.0.1' and port '3121'.
14:38:41 INFO  : Jtag cable 'Digilent JTAG-SMT2NC 210308A5F54F' is selected.
14:38:41 INFO  : 'jtag frequency' command is executed.
14:38:44 INFO  : 'targets -set -filter {jtag_cable_name =~ "Digilent JTAG-SMT2NC 210308A5F54F" && level==0} -index 0' command is executed.
14:38:51 INFO  : FPGA configured successfully with bitstream "C:/Users/dell/Desktop/board_test/kcu105_ipi_total/Workshop/tpu_sever/_ide/bitstream/tpu_top.bit"
14:38:51 INFO  : 'configparams mdm-detect-bscan-mask 2' command is executed.
14:38:51 INFO  : Context for processor 'microblaze_0' is selected.
14:38:51 INFO  : System reset is completed.
14:38:54 INFO  : 'after 3000' command is executed.
14:38:54 INFO  : Context for processor 'microblaze_0' is selected.
14:38:55 INFO  : The application 'C:/Users/dell/Desktop/board_test/kcu105_ipi_total/Workshop/tpu_sever/Debug/tpu_sever.elf' is downloaded to processor 'microblaze_0'.
14:38:55 INFO  : ----------------XSDB Script----------------
connect -url tcp:127.0.0.1:3121
targets -set -filter {jtag_cable_name =~ "Digilent JTAG-SMT2NC 210308A5F54F" && level==0} -index 0
fpga -file C:/Users/dell/Desktop/board_test/kcu105_ipi_total/Workshop/tpu_sever/_ide/bitstream/tpu_top.bit
configparams mdm-detect-bscan-mask 2
targets -set -nocase -filter {name =~ "*microblaze*#0" && bscan=="USER2" }
rst -system
after 3000
targets -set -nocase -filter {name =~ "*microblaze*#0" && bscan=="USER2" }
dow C:/Users/dell/Desktop/board_test/kcu105_ipi_total/Workshop/tpu_sever/Debug/tpu_sever.elf
----------------End of Script----------------

14:38:55 INFO  : Context for processor 'microblaze_0' is selected.
14:38:55 INFO  : 'con' command is executed.
14:38:55 INFO  : ----------------XSDB Script (After Launch)----------------
targets -set -nocase -filter {name =~ "*microblaze*#0" && bscan=="USER2" }
con
----------------End of Script----------------

14:38:55 INFO  : Disconnected from the channel tcfchan#8.
09:07:44 INFO  : Connected to target on host '127.0.0.1' and port '3121'.
09:07:56 INFO  : Jtag cable 'Digilent JTAG-SMT2NC 210308A5F54F' is selected.
09:07:56 INFO  : 'jtag frequency' command is executed.
09:07:59 INFO  : 'targets -set -filter {jtag_cable_name =~ "Digilent JTAG-SMT2NC 210308A5F54F" && level==0} -index 0' command is executed.
09:08:06 INFO  : FPGA configured successfully with bitstream "C:/Users/dell/Desktop/board_test/kcu105_ipi_total/Workshop/tpu_sever/_ide/bitstream/tpu_top.bit"
09:08:06 INFO  : 'configparams mdm-detect-bscan-mask 2' command is executed.
09:08:06 INFO  : Context for processor 'microblaze_0' is selected.
09:08:06 INFO  : System reset is completed.
09:08:09 INFO  : 'after 3000' command is executed.
09:08:09 INFO  : Context for processor 'microblaze_0' is selected.
09:08:10 INFO  : The application 'C:/Users/dell/Desktop/board_test/kcu105_ipi_total/Workshop/tpu_sever/Debug/tpu_sever.elf' is downloaded to processor 'microblaze_0'.
09:08:10 INFO  : ----------------XSDB Script----------------
connect -url tcp:127.0.0.1:3121
targets -set -filter {jtag_cable_name =~ "Digilent JTAG-SMT2NC 210308A5F54F" && level==0} -index 0
fpga -file C:/Users/dell/Desktop/board_test/kcu105_ipi_total/Workshop/tpu_sever/_ide/bitstream/tpu_top.bit
configparams mdm-detect-bscan-mask 2
targets -set -nocase -filter {name =~ "*microblaze*#0" && bscan=="USER2" }
rst -system
after 3000
targets -set -nocase -filter {name =~ "*microblaze*#0" && bscan=="USER2" }
dow C:/Users/dell/Desktop/board_test/kcu105_ipi_total/Workshop/tpu_sever/Debug/tpu_sever.elf
----------------End of Script----------------

09:08:10 INFO  : Context for processor 'microblaze_0' is selected.
09:08:10 INFO  : 'con' command is executed.
09:08:10 INFO  : ----------------XSDB Script (After Launch)----------------
targets -set -nocase -filter {name =~ "*microblaze*#0" && bscan=="USER2" }
con
----------------End of Script----------------

09:08:10 INFO  : Disconnected from the channel tcfchan#9.
