#-----------------------------------------------------------
# Vivado v2019.2 (64-bit)
# SW Build 2708876 on Wed Nov  6 21:40:23 MST 2019
# IP Build 2700528 on Thu Nov  7 00:09:20 MST 2019
# Start of session at: Fri May  8 15:50:36 2020
# Process ID: 8404
# Current directory: c:/Users/dell/Desktop/board_test/kuc105_mig/ddr4_0_ex
# Command line: vivado.exe -notrace -source c:/Users/dell/Desktop/board_test/kuc105_mig/kuc105_mig/kuc105_mig.srcs/sources_1/ip/ddr4_0/ddr4_0_ex.tcl
# Log file: c:/Users/dell/Desktop/board_test/kuc105_mig/ddr4_0_ex/vivado.log
# Journal file: c:/Users/dell/Desktop/board_test/kuc105_mig/ddr4_0_ex\vivado.jou
#-----------------------------------------------------------
start_gui
source c:/Users/dell/Desktop/board_test/kuc105_mig/kuc105_mig/kuc105_mig.srcs/sources_1/ip/ddr4_0/ddr4_0_ex.tcl -notrace
INFO: [open_example_project] Creating new example project...
INFO: [IP_Flow 19-234] Refreshing IP repositories
INFO: [IP_Flow 19-1704] No user IP repositories specified
INFO: [IP_Flow 19-2313] Loaded Vivado IP repository 'D:/Xilinx/Vivado/2019.2/data/ip'.
create_project: Time (s): cpu = 00:00:19 ; elapsed = 00:00:05 . Memory (MB): peak = 1057.449 ; gain = 271.449
INFO: [open_example_project] Importing original IP ...
INFO: [open_example_project] Generating the example project IP ...
INFO: [open_example_project] Adding example synthesis HDL files ...
INFO: [open_example_project] Adding example XDC files ...
INFO: [open_example_project] Adding simulation HDL files ...
INFO: [open_example_project] Sourcing example extension scripts ...
Post processing the example_design
INFO: [open_example_project] Rebuilding all the top level IPs ...
INFO: [exportsim-Tcl-35] Exporting simulation files for "XSIM" (Xilinx Vivado Simulator)...
INFO: [exportsim-Tcl-29] Script generated: 'C:/Users/dell/Desktop/board_test/kuc105_mig/ddr4_0_ex/ddr4_0_ex.ip_user_files/sim_scripts/ddr4_0/xsim/ddr4_0.sh'
Generating merged BMM file for the design top 'sim_tb_top'...
Generating merged BMM file for the design top 'sim_tb_top'...
INFO: [exportsim-Tcl-35] Exporting simulation files for "MODELSIM" (Mentor Graphics ModelSim Simulator)...
INFO: [exportsim-Tcl-29] Script generated: 'C:/Users/dell/Desktop/board_test/kuc105_mig/ddr4_0_ex/ddr4_0_ex.ip_user_files/sim_scripts/ddr4_0/modelsim/ddr4_0.sh'
INFO: [exportsim-Tcl-35] Exporting simulation files for "QUESTA" (Mentor Graphics Questa Advanced Simulator)...
INFO: [exportsim-Tcl-29] Script generated: 'C:/Users/dell/Desktop/board_test/kuc105_mig/ddr4_0_ex/ddr4_0_ex.ip_user_files/sim_scripts/ddr4_0/questa/ddr4_0.sh'
INFO: [exportsim-Tcl-35] Exporting simulation files for "IES" (Cadence Incisive Enterprise Simulator)...
INFO: [exportsim-Tcl-29] Script generated: 'C:/Users/dell/Desktop/board_test/kuc105_mig/ddr4_0_ex/ddr4_0_ex.ip_user_files/sim_scripts/ddr4_0/ies/ddr4_0.sh'
INFO: [exportsim-Tcl-35] Exporting simulation files for "VCS" (Synopsys Verilog Compiler Simulator)...
INFO: [exportsim-Tcl-29] Script generated: 'C:/Users/dell/Desktop/board_test/kuc105_mig/ddr4_0_ex/ddr4_0_ex.ip_user_files/sim_scripts/ddr4_0/vcs/ddr4_0.sh'
INFO: [exportsim-Tcl-35] Exporting simulation files for "RIVIERA" (Aldec Riviera-PRO Simulator)...
INFO: [exportsim-Tcl-29] Script generated: 'C:/Users/dell/Desktop/board_test/kuc105_mig/ddr4_0_ex/ddr4_0_ex.ip_user_files/sim_scripts/ddr4_0/riviera/ddr4_0.sh'
INFO: [exportsim-Tcl-35] Exporting simulation files for "ACTIVEHDL" (Aldec Active-HDL Simulator)...
INFO: [exportsim-Tcl-29] Script generated: 'C:/Users/dell/Desktop/board_test/kuc105_mig/ddr4_0_ex/ddr4_0_ex.ip_user_files/sim_scripts/ddr4_0/activehdl/ddr4_0.sh'
INFO: [exportsim-Tcl-35] Exporting simulation files for "XCELIUM" (Cadence Xcelium Parallel Simulator)...
INFO: [exportsim-Tcl-29] Script generated: 'C:/Users/dell/Desktop/board_test/kuc105_mig/ddr4_0_ex/ddr4_0_ex.ip_user_files/sim_scripts/ddr4_0/xcelium/ddr4_0.sh'
export_ip_user_files: Time (s): cpu = 00:00:10 ; elapsed = 00:00:08 . Memory (MB): peak = 1070.273 ; gain = 7.980
INFO: [open_example_project] Open Example Project completed
update_compile_order -fileset sources_1
launch_runs impl_1 -jobs 36
INFO: [Vivado 12-4149] The synthesis checkpoint for IP 'c:/Users/dell/Desktop/board_test/kuc105_mig/ddr4_0_ex/ddr4_0_ex.srcs/sources_1/ip/ddr4_0/ddr4_0.xci' is already up-to-date
[Fri May  8 15:51:54 2020] Launched synth_1...
Run output will be captured here: c:/Users/dell/Desktop/board_test/kuc105_mig/ddr4_0_ex/ddr4_0_ex.runs/synth_1/runme.log
[Fri May  8 15:51:54 2020] Launched impl_1...
Run output will be captured here: c:/Users/dell/Desktop/board_test/kuc105_mig/ddr4_0_ex/ddr4_0_ex.runs/impl_1/runme.log
launch_runs impl_1 -to_step write_bitstream -jobs 36
INFO: [Vivado 12-4149] The synthesis checkpoint for IP 'c:/Users/dell/Desktop/board_test/kuc105_mig/ddr4_0_ex/ddr4_0_ex.srcs/sources_1/ip/ddr4_0/ddr4_0.xci' is already up-to-date
[Fri May  8 16:05:12 2020] Launched impl_1...
Run output will be captured here: c:/Users/dell/Desktop/board_test/kuc105_mig/ddr4_0_ex/ddr4_0_ex.runs/impl_1/runme.log
reset_run impl_1
reset_run synth_1
launch_runs impl_1 -jobs 36
INFO: [Vivado 12-4149] The synthesis checkpoint for IP 'c:/Users/dell/Desktop/board_test/kuc105_mig/ddr4_0_ex/ddr4_0_ex.srcs/sources_1/ip/ddr4_0/ddr4_0.xci' is already up-to-date
[Fri May  8 16:08:44 2020] Launched synth_1...
Run output will be captured here: c:/Users/dell/Desktop/board_test/kuc105_mig/ddr4_0_ex/ddr4_0_ex.runs/synth_1/runme.log
[Fri May  8 16:08:44 2020] Launched impl_1...
Run output will be captured here: c:/Users/dell/Desktop/board_test/kuc105_mig/ddr4_0_ex/ddr4_0_ex.runs/impl_1/runme.log
reset_run synth_1
launch_runs impl_1 -to_step write_bitstream -jobs 36
INFO: [Vivado 12-4149] The synthesis checkpoint for IP 'c:/Users/dell/Desktop/board_test/kuc105_mig/ddr4_0_ex/ddr4_0_ex.srcs/sources_1/ip/ddr4_0/ddr4_0.xci' is already up-to-date
[Fri May  8 16:20:18 2020] Launched synth_1...
Run output will be captured here: c:/Users/dell/Desktop/board_test/kuc105_mig/ddr4_0_ex/ddr4_0_ex.runs/synth_1/runme.log
[Fri May  8 16:20:18 2020] Launched impl_1...
Run output will be captured here: c:/Users/dell/Desktop/board_test/kuc105_mig/ddr4_0_ex/ddr4_0_ex.runs/impl_1/runme.log
reset_run synth_1
launch_runs impl_1 -jobs 36
INFO: [Vivado 12-4149] The synthesis checkpoint for IP 'c:/Users/dell/Desktop/board_test/kuc105_mig/ddr4_0_ex/ddr4_0_ex.srcs/sources_1/ip/ddr4_0/ddr4_0.xci' is already up-to-date
[Fri May  8 16:38:38 2020] Launched synth_1...
Run output will be captured here: c:/Users/dell/Desktop/board_test/kuc105_mig/ddr4_0_ex/ddr4_0_ex.runs/synth_1/runme.log
[Fri May  8 16:38:38 2020] Launched impl_1...
Run output will be captured here: c:/Users/dell/Desktop/board_test/kuc105_mig/ddr4_0_ex/ddr4_0_ex.runs/impl_1/runme.log
launch_runs impl_1 -to_step write_bitstream -jobs 36
INFO: [Vivado 12-4149] The synthesis checkpoint for IP 'c:/Users/dell/Desktop/board_test/kuc105_mig/ddr4_0_ex/ddr4_0_ex.srcs/sources_1/ip/ddr4_0/ddr4_0.xci' is already up-to-date
[Fri May  8 16:52:26 2020] Launched impl_1...
Run output will be captured here: c:/Users/dell/Desktop/board_test/kuc105_mig/ddr4_0_ex/ddr4_0_ex.runs/impl_1/runme.log
open_hw_manager
connect_hw_server -allow_non_jtag
INFO: [Labtools 27-2285] Connecting to hw_server url TCP:localhost:3121
INFO: [Labtools 27-2222] Launching hw_server...
INFO: [Labtools 27-2221] Launch Output:

****** Xilinx hw_server v2019.2
  **** Build date : Nov  6 2019 at 22:12:23
    ** Copyright 1986-2019 Xilinx, Inc. All Rights Reserved.


INFO: [Labtools 27-3415] Connecting to cs_server url TCP:localhost:3042
INFO: [Labtools 27-3417] Launching cs_server...
INFO: [Labtools 27-2221] Launch Output:


****** Xilinx cs_server v2019.2.0
  **** Build date : Nov 07 2019-13:28:22
    ** Copyright 2017-2019 Xilinx, Inc. All Rights Reserved.



connect_hw_server: Time (s): cpu = 00:00:01 ; elapsed = 00:00:08 . Memory (MB): peak = 1571.395 ; gain = 0.000
open_hw_target
INFO: [Labtoolstcl 44-466] Opening hw_target localhost:3121/xilinx_tcf/Digilent/210308A5F54F
set_property PROGRAM.FILE {c:/Users/dell/Desktop/board_test/kuc105_mig/ddr4_0_ex/ddr4_0_ex.runs/impl_1/example_top.bit} [get_hw_devices xcku040_0]
set_property PROBES.FILE {c:/Users/dell/Desktop/board_test/kuc105_mig/ddr4_0_ex/ddr4_0_ex.runs/impl_1/example_top.ltx} [get_hw_devices xcku040_0]
set_property FULL_PROBES.FILE {c:/Users/dell/Desktop/board_test/kuc105_mig/ddr4_0_ex/ddr4_0_ex.runs/impl_1/example_top.ltx} [get_hw_devices xcku040_0]
current_hw_device [get_hw_devices xcku040_0]
refresh_hw_device [lindex [get_hw_devices xcku040_0] 0]
CRITICAL WARNING: [Xicom 50-38] xicom: The current version of Vivado does not support this detected version of the MIG core. 2015.2 is the last version supporting it.
INFO: [Labtools 27-2302] Device xcku040 (JTAG device index = 0) is programmed with a design that has 1 MIG core(s).
set_property PROBES.FILE {c:/Users/dell/Desktop/board_test/kuc105_mig/ddr4_0_ex/ddr4_0_ex.runs/impl_1/example_top.ltx} [get_hw_devices xcku040_0]
set_property FULL_PROBES.FILE {c:/Users/dell/Desktop/board_test/kuc105_mig/ddr4_0_ex/ddr4_0_ex.runs/impl_1/example_top.ltx} [get_hw_devices xcku040_0]
set_property PROGRAM.FILE {c:/Users/dell/Desktop/board_test/kuc105_mig/ddr4_0_ex/ddr4_0_ex.runs/impl_1/example_top.bit} [get_hw_devices xcku040_0]
program_hw_devices [get_hw_devices xcku040_0]
INFO: [Labtools 27-3164] End of startup status: HIGH
program_hw_devices: Time (s): cpu = 00:00:10 ; elapsed = 00:00:09 . Memory (MB): peak = 2754.324 ; gain = 0.000
refresh_hw_device [lindex [get_hw_devices xcku040_0] 0]
WARNING: [Labtools 27-3089] Calibration is still in-progress.
INFO: [Labtools 27-2302] Device xcku040 (JTAG device index = 0) is programmed with a design that has 1 MIG core(s).
INFO: [Labtools 27-3143] Calibration status change detected, refreshing MIG_1
ERROR: [Labtoolstcl 44-513] HW Target shutdown. Closing target: localhost:3121/xilinx_tcf/Digilent/210308A5F54F
WARNING: [IP_Flow 19-4067] Ignoring invalid widget type specified checkbox.Providing a default widget
create_ip -name ila -vendor xilinx.com -library ip -version 6.2 -module_name ila_ddr
set_property -dict [list CONFIG.C_NUM_OF_PROBES {2} CONFIG.Component_Name {ila_ddr}] [get_ips ila_ddr]
WARNING: [Vivado 12-3523] Attempt to change 'Component_Name' from 'ila_ddr' to 'ila_ddr' is not allowed and is ignored.
generate_target {instantiation_template} [get_files c:/Users/dell/Desktop/board_test/kuc105_mig/ddr4_0_ex/ddr4_0_ex.srcs/sources_1/ip/ila_ddr/ila_ddr.xci]
INFO: [IP_Flow 19-1686] Generating 'Instantiation Template' target for IP 'ila_ddr'...
generate_target all [get_files  c:/Users/dell/Desktop/board_test/kuc105_mig/ddr4_0_ex/ddr4_0_ex.srcs/sources_1/ip/ila_ddr/ila_ddr.xci]
INFO: [IP_Flow 19-1686] Generating 'Synthesis' target for IP 'ila_ddr'...
WARNING: [IP_Flow 19-4994] Overwriting existing constraint file 'c:/Users/dell/Desktop/board_test/kuc105_mig/ddr4_0_ex/ddr4_0_ex.srcs/sources_1/ip/ila_ddr/ila_ddr_ooc.xdc'
INFO: [IP_Flow 19-1686] Generating 'Simulation' target for IP 'ila_ddr'...
INFO: [IP_Flow 19-1686] Generating 'Implementation' target for IP 'ila_ddr'...
INFO: [IP_Flow 19-1686] Generating 'Change Log' target for IP 'ila_ddr'...
catch { config_ip_cache -export [get_ips -all ila_ddr] }
export_ip_user_files -of_objects [get_files c:/Users/dell/Desktop/board_test/kuc105_mig/ddr4_0_ex/ddr4_0_ex.srcs/sources_1/ip/ila_ddr/ila_ddr.xci] -no_script -sync -force -quiet
create_ip_run [get_files -of_objects [get_fileset sources_1] c:/Users/dell/Desktop/board_test/kuc105_mig/ddr4_0_ex/ddr4_0_ex.srcs/sources_1/ip/ila_ddr/ila_ddr.xci]
launch_runs -jobs 36 ila_ddr_synth_1
[Fri May  8 17:03:42 2020] Launched ila_ddr_synth_1...
Run output will be captured here: c:/Users/dell/Desktop/board_test/kuc105_mig/ddr4_0_ex/ddr4_0_ex.runs/ila_ddr_synth_1/runme.log
export_simulation -of_objects [get_files c:/Users/dell/Desktop/board_test/kuc105_mig/ddr4_0_ex/ddr4_0_ex.srcs/sources_1/ip/ila_ddr/ila_ddr.xci] -directory c:/Users/dell/Desktop/board_test/kuc105_mig/ddr4_0_ex/ddr4_0_ex.ip_user_files/sim_scripts -ip_user_files_dir c:/Users/dell/Desktop/board_test/kuc105_mig/ddr4_0_ex/ddr4_0_ex.ip_user_files -ipstatic_source_dir c:/Users/dell/Desktop/board_test/kuc105_mig/ddr4_0_ex/ddr4_0_ex.ip_user_files/ipstatic -lib_map_path [list {modelsim=c:/Users/dell/Desktop/board_test/kuc105_mig/ddr4_0_ex/ddr4_0_ex.cache/compile_simlib/modelsim} {questa=c:/Users/dell/Desktop/board_test/kuc105_mig/ddr4_0_ex/ddr4_0_ex.cache/compile_simlib/questa} {riviera=c:/Users/dell/Desktop/board_test/kuc105_mig/ddr4_0_ex/ddr4_0_ex.cache/compile_simlib/riviera} {activehdl=c:/Users/dell/Desktop/board_test/kuc105_mig/ddr4_0_ex/ddr4_0_ex.cache/compile_simlib/activehdl}] -use_ip_compiled_libs -force -quiet
reset_run synth_1
launch_runs impl_1 -jobs 36
INFO: [Vivado 12-4149] The synthesis checkpoint for IP 'c:/Users/dell/Desktop/board_test/kuc105_mig/ddr4_0_ex/ddr4_0_ex.srcs/sources_1/ip/ddr4_0/ddr4_0.xci' is already up-to-date
[Fri May  8 17:06:53 2020] Launched synth_1...
Run output will be captured here: c:/Users/dell/Desktop/board_test/kuc105_mig/ddr4_0_ex/ddr4_0_ex.runs/synth_1/runme.log
[Fri May  8 17:06:53 2020] Launched impl_1...
Run output will be captured here: c:/Users/dell/Desktop/board_test/kuc105_mig/ddr4_0_ex/ddr4_0_ex.runs/impl_1/runme.log
launch_runs: Time (s): cpu = 00:00:03 ; elapsed = 00:00:20 . Memory (MB): peak = 2754.324 ; gain = 0.000
INFO: [Labtoolstcl 44-466] Opening hw_target localhost:3121/xilinx_tcf/Digilent/210308A5F54F
CRITICAL WARNING: [Xicom 50-38] xicom: The current version of Vivado does not support this detected version of the MIG core. 2015.2 is the last version supporting it.
INFO: [Labtools 27-2302] Device xcku040 (JTAG device index = 0) is programmed with a design that has 1 MIG core(s).
ERROR: [Common 17-48] File not found: c:/Users/dell/Desktop/board_test/kuc105_mig/ddr4_0_ex/ddr4_0_ex.runs/impl_1/example_top.ltx
WARNING: [Labtoolstcl 44-129] No matching hw_ila_data was found.
launch_runs impl_1 -to_step write_bitstream -jobs 36
INFO: [Vivado 12-4149] The synthesis checkpoint for IP 'c:/Users/dell/Desktop/board_test/kuc105_mig/ddr4_0_ex/ddr4_0_ex.srcs/sources_1/ip/ddr4_0/ddr4_0.xci' is already up-to-date
[Fri May  8 17:23:04 2020] Launched impl_1...
Run output will be captured here: c:/Users/dell/Desktop/board_test/kuc105_mig/ddr4_0_ex/ddr4_0_ex.runs/impl_1/runme.log
set_property PROBES.FILE {c:/Users/dell/Desktop/board_test/kuc105_mig/ddr4_0_ex/ddr4_0_ex.runs/impl_1/example_top.ltx} [get_hw_devices xcku040_0]
set_property FULL_PROBES.FILE {c:/Users/dell/Desktop/board_test/kuc105_mig/ddr4_0_ex/ddr4_0_ex.runs/impl_1/example_top.ltx} [get_hw_devices xcku040_0]
set_property PROGRAM.FILE {c:/Users/dell/Desktop/board_test/kuc105_mig/ddr4_0_ex/ddr4_0_ex.runs/impl_1/example_top.bit} [get_hw_devices xcku040_0]
program_hw_devices [get_hw_devices xcku040_0]
INFO: [Labtools 27-3164] End of startup status: HIGH
program_hw_devices: Time (s): cpu = 00:00:10 ; elapsed = 00:00:09 . Memory (MB): peak = 2754.324 ; gain = 0.000
refresh_hw_device [lindex [get_hw_devices xcku040_0] 0]
WARNING: [Labtools 27-3089] Calibration is still in-progress.
INFO: [Labtools 27-2302] Device xcku040 (JTAG device index = 0) is programmed with a design that has 1 ILA core(s).
INFO: [Labtools 27-2302] Device xcku040 (JTAG device index = 0) is programmed with a design that has 1 MIG core(s).
INFO: [Labtools 27-3143] Calibration status change detected, refreshing MIG_1
display_hw_ila_data [ get_hw_ila_data hw_ila_data_1 -of_objects [get_hw_ilas -of_objects [get_hw_devices xcku040_0] -filter {CELL_NAME=~"ila_ddr"}]]
display_hw_ila_data: Time (s): cpu = 00:00:08 ; elapsed = 00:00:07 . Memory (MB): peak = 2754.324 ; gain = 0.000
run_hw_ila [get_hw_ilas -of_objects [get_hw_devices xcku040_0] -filter {CELL_NAME=~"ila_ddr"}]
INFO: [Labtools 27-1964] The ILA core 'hw_ila_1' trigger was armed at 2020-May-08 17:26:39
wait_on_hw_ila [get_hw_ilas -of_objects [get_hw_devices xcku040_0] -filter {CELL_NAME=~"ila_ddr"}]
display_hw_ila_data [upload_hw_ila_data [get_hw_ilas -of_objects [get_hw_devices xcku040_0] -filter {CELL_NAME=~"ila_ddr"}]]
INFO: [Labtools 27-1966] The ILA core 'hw_ila_1' triggered at 2020-May-08 17:26:39
INFO: [Labtools 27-3304] ILA Waveform data saved to file c:/Users/dell/Desktop/board_test/kuc105_mig/ddr4_0_ex/ddr4_0_ex.hw/backup/hw_ila_data_1.ila. Use Tcl command 'read_hw_ila_data' or Vivado File->Import->Import ILA Data menu item to import the previously saved data.
ERROR: [Labtoolstcl 44-513] HW Target shutdown. Closing target: localhost:3121/xilinx_tcf/Digilent/210308A5F54F
disconnect_hw_server localhost:3121
connect_hw_server -allow_non_jtag
INFO: [Labtools 27-2285] Connecting to hw_server url TCP:localhost:3121
INFO: [Labtools 27-3415] Connecting to cs_server url TCP:localhost:3042
INFO: [Labtools 27-3414] Connected to existing cs_server.
open_hw_target
INFO: [Labtoolstcl 44-466] Opening hw_target localhost:3121/xilinx_tcf/Xilinx/00000000000000
set_property PROGRAM.FILE {c:/Users/dell/Desktop/board_test/kuc105_mig/ddr4_0_ex/ddr4_0_ex.runs/impl_1/example_top.bit} [get_hw_devices xcku040_0]
set_property PROBES.FILE {c:/Users/dell/Desktop/board_test/kuc105_mig/ddr4_0_ex/ddr4_0_ex.runs/impl_1/example_top.ltx} [get_hw_devices xcku040_0]
set_property FULL_PROBES.FILE {c:/Users/dell/Desktop/board_test/kuc105_mig/ddr4_0_ex/ddr4_0_ex.runs/impl_1/example_top.ltx} [get_hw_devices xcku040_0]
current_hw_device [get_hw_devices xcku040_0]
refresh_hw_device [lindex [get_hw_devices xcku040_0] 0]
INFO: [Labtools 27-1435] Device xcku040 (JTAG device index = 0) is not programmed (DONE status = 0).
set_property PROBES.FILE {c:/Users/dell/Desktop/board_test/kuc105_mig/ddr4_0_ex/ddr4_0_ex.runs/impl_1/example_top.ltx} [get_hw_devices xcku040_0]
set_property FULL_PROBES.FILE {c:/Users/dell/Desktop/board_test/kuc105_mig/ddr4_0_ex/ddr4_0_ex.runs/impl_1/example_top.ltx} [get_hw_devices xcku040_0]
set_property PROGRAM.FILE {c:/Users/dell/Desktop/board_test/kuc105_mig/ddr4_0_ex/ddr4_0_ex.runs/impl_1/example_top.bit} [get_hw_devices xcku040_0]
program_hw_devices [get_hw_devices xcku040_0]
INFO: [Labtools 27-3164] End of startup status: HIGH
program_hw_devices: Time (s): cpu = 00:00:38 ; elapsed = 00:00:34 . Memory (MB): peak = 2754.324 ; gain = 0.000
refresh_hw_device [lindex [get_hw_devices xcku040_0] 0]
WARNING: [Labtools 27-3089] Calibration is still in-progress.
INFO: [Labtools 27-2302] Device xcku040 (JTAG device index = 0) is programmed with a design that has 1 ILA core(s).
INFO: [Labtools 27-2302] Device xcku040 (JTAG device index = 0) is programmed with a design that has 1 MIG core(s).
INFO: [Labtools 27-3143] Calibration status change detected, refreshing MIG_1
display_hw_ila_data [ get_hw_ila_data hw_ila_data_1 -of_objects [get_hw_ilas -of_objects [get_hw_devices xcku040_0] -filter {CELL_NAME=~"ila_ddr"}]]
run_hw_ila [get_hw_ilas -of_objects [get_hw_devices xcku040_0] -filter {CELL_NAME=~"ila_ddr"}]
INFO: [Labtools 27-1964] The ILA core 'hw_ila_1' trigger was armed at 2020-May-08 17:29:54
wait_on_hw_ila [get_hw_ilas -of_objects [get_hw_devices xcku040_0] -filter {CELL_NAME=~"ila_ddr"}]
display_hw_ila_data [upload_hw_ila_data [get_hw_ilas -of_objects [get_hw_devices xcku040_0] -filter {CELL_NAME=~"ila_ddr"}]]
INFO: [Labtools 27-1966] The ILA core 'hw_ila_1' triggered at 2020-May-08 17:29:54
INFO: [Labtools 27-3304] ILA Waveform data saved to file c:/Users/dell/Desktop/board_test/kuc105_mig/ddr4_0_ex/ddr4_0_ex.hw/backup/hw_ila_data_1.ila. Use Tcl command 'read_hw_ila_data' or Vivado File->Import->Import ILA Data menu item to import the previously saved data.
run_hw_ila [get_hw_ilas -of_objects [get_hw_devices xcku040_0] -filter {CELL_NAME=~"ila_ddr"}]
INFO: [Labtools 27-1964] The ILA core 'hw_ila_1' trigger was armed at 2020-May-08 17:30:08
wait_on_hw_ila [get_hw_ilas -of_objects [get_hw_devices xcku040_0] -filter {CELL_NAME=~"ila_ddr"}]
display_hw_ila_data [upload_hw_ila_data [get_hw_ilas -of_objects [get_hw_devices xcku040_0] -filter {CELL_NAME=~"ila_ddr"}]]
INFO: [Labtools 27-1966] The ILA core 'hw_ila_1' triggered at 2020-May-08 17:30:08
INFO: [Labtools 27-3304] ILA Waveform data saved to file c:/Users/dell/Desktop/board_test/kuc105_mig/ddr4_0_ex/ddr4_0_ex.hw/backup/hw_ila_data_1.ila. Use Tcl command 'read_hw_ila_data' or Vivado File->Import->Import ILA Data menu item to import the previously saved data.
exit
INFO: [Common 17-206] Exiting Vivado at Fri May  8 17:30:22 2020...
